<?xml version="1.0" encoding="UTF-8"?>
<testsuite xmlns:xsi="http://www.w3.org/2001/XMLSchema-instance" xsi:noNamespaceSchemaLocation="https://maven.apache.org/surefire/maven-surefire-plugin/xsd/surefire-test-report-3.0.xsd" version="3.0" name="com.alura.Alura.AluraApplicationTests" time="1.773" tests="1" errors="0" skipped="0" failures="0">
  <properties>
[...]
</properties>
  <testcase name="contextLoads" classname="com.alura.Alura.AluraApplicationTests" time="0.68">
    <system-out><![CDATA[02:15:36.535 [main] INFO org.springframework.test.context.support.AnnotationConfigContextLoaderUtils -- Could not detect default configuration classes for test class [com.alura.Alura.AluraApplicationTests]: AluraApplicationTests does not declare any static, non-private, non-final, nested classes annotated with @Configuration.
02:15:36.607 [main] INFO org.springframework.boot.test.context.SpringBootTestContextBootstrapper -- Found @SpringBootConfiguration com.alura.Alura.AluraApplication for test class com.alura.Alura.AluraApplicationTests

  .   ____          _            __ _ _
 /\\ / ___'_ __ _ _(_)_ __  __ _ \ \ \ \
( ( )\___ | '_ | '_| | '_ \/ _` | \ \ \ \
 \\/  ___)| |_)| | | | | || (_| |  ) ) ) )
  '  |____| .__|_| |_|_| |_\__, | / / / /
 =========|_|==============|___/=/_/_/_/
 :: Spring Boot ::                (v3.1.3)

2023-09-08T02:15:37.043-03:00  INFO 13460 --- [           main] com.alura.Alura.AluraApplicationTests    : Starting AluraApplicationTests using Java 17.0.8 with PID 13460 (started by Renato in C:\Users\Renato\Documents\Alura\Alura)
2023-09-08T02:15:37.045-03:00  INFO 13460 --- [           main] com.alura.Alura.AluraApplicationTests    : No active profile set, falling back to 1 default profile: "default"
2023-09-08T02:15:37.486-03:00  INFO 13460 --- [           main] com.alura.Alura.AluraApplicationTests    : Started AluraApplicationTests in 0.721 seconds (process running for 1.486)
]]></system-out>
  </testcase>
</testsuite>